<?xml version="1.0" encoding="UTF-8"?>
<beans xmlns="http://www.springframework.org/schema/beans"
       xmlns:jdbc="http://www.springframework.org/schema/jdbc"
       xmlns:jpa="http://www.springframework.org/schema/data/jpa"
       xmlns:xsi="http://www.w3.org/2001/XMLSchema-instance"
       xsi:schemaLocation="http://www.springframework.org/schema/beans
           http://www.springframework.org/schema/beans/spring-beans.xsd
           http://www.springframework.org/schema/jdbc
           http://www.springframework.org/schema/jdbc/spring-jdbc.xsd
           http://www.springframework.org/schema/data/jpa
           http://www.springframework.org/schema/data/jpa/spring-jpa.xsd">

    <!--Database-->

    <jdbc:embedded-database id="dataSource" type="H2"/>

    <!--Entity Manager-->

    <bean class="org.springframework.orm.jpa.LocalContainerEntityManagerFactoryBean" id="entityManagerFactory">
        <property name="dataSource" ref="dataSource"/>
        <property name="persistenceUnitName" value="test"/>
        <property name="packagesToScan" value="com.bargainhunter.bargainhunterws.models"/>
    </bean>

    <!--Transaction Manager-->

    <bean class="org.springframework.orm.jpa.JpaTransactionManager" id="transactionManager">
        <property name="entityManagerFactory" ref="entityManagerFactory"/>
    </bean>

    <!--Spring Data Configuration-->

    <jpa:repositories base-package="com.bargainhunter.bargainhunterws.repository"/>
</beans>
